<?xml version="1.0" encoding="UTF-8"?>
<!-- Generated by org.testng.reporters.JUnitReportReporter -->
<testsuite hostname="JSP-LAPTOP" failures="0" tests="1" name="runner.TestRunner" time="27.387" errors="0" timestamp="2025-09-03T12:38:51 IST" skipped="0">
  <testcase classname="runner.TestRunner" name="runScenario" time="27.387"/>
</testsuite> <!-- runner.TestRunner -->
